# JRE version: OpenJDK Runtime Environment (11.0.12+7) (build 11.0.12+7-b1504.28-7817840)
# Java VM: OpenJDK 64-Bit Server VM (11.0.12+7-b1504.28-7817840, mixed mode, tiered, compressed oops, g1 gc, windows-amd64)
Heap:
 garbage-first heap   total 190464K, used 79757K [0x0000000080000000, 0x0000000100000000)
  region size 1024K, 24 young (24576K), 10 survivors (10240K)
 Metaspace       used 83549K, capacity 85561K, committed 85624K, reserved 1124352K
  class space    used 10846K, capacity 11613K, committed 11640K, reserved 1048576K
GC Heap History (20 events):
Event: 12.106 GC heap before
{Heap before GC invocations=8 (full 0):
 garbage-first heap   total 131072K, used 29268K [0x0000000080000000, 0x0000000100000000)
  region size 1024K, 14 young (14336K), 5 survivors (5120K)
 Metaspace       used 34916K, capacity 35722K, committed 35840K, reserved 1081344K
  class space    used 4531K, capacity 4839K, committed 4864K, reserved 1048576K
}
Event: 12.124 GC heap after
{Heap after GC invocations=9 (full 0):
 garbage-first heap   total 131072K, used 22641K [0x0000000080000000, 0x0000000100000000)
  region size 1024K, 6 young (6144K), 6 survivors (6144K)
 Metaspace       used 34916K, capacity 35722K, committed 35840K, reserved 1081344K
  class space    used 4531K, capacity 4839K, committed 4864K, reserved 1048576K
}
Event: 14.049 GC heap before
{Heap before GC invocations=10 (full 0):
 garbage-first heap   total 131072K, used 83057K [0x0000000080000000, 0x0000000100000000)
  region size 1024K, 63 young (64512K), 6 survivors (6144K)
 Metaspace       used 39568K, capacity 40437K, committed 40576K, reserved 1085440K
  class space    used 5061K, capacity 5385K, committed 5504K, reserved 1048576K
}
Event: 14.068 GC heap after
{Heap after GC invocations=11 (full 0):
 garbage-first heap   total 131072K, used 28119K [0x0000000080000000, 0x0000000100000000)
  region size 1024K, 8 young (8192K), 8 survivors (8192K)
 Metaspace       used 39568K, capacity 40437K, committed 40576K, reserved 1085440K
  class space    used 5061K, capacity 5385K, committed 5504K, reserved 1048576K
}
Event: 16.058 GC heap before
{Heap before GC invocations=11 (full 0):
 garbage-first heap   total 131072K, used 89559K [0x0000000080000000, 0x0000000100000000)
  region size 1024K, 67 young (68608K), 8 survivors (8192K)
 Metaspace       used 44966K, capacity 46002K, committed 46208K, reserved 1089536K
  class space    used 5788K, capacity 6163K, committed 6272K, reserved 1048576K
}
Event: 16.075 GC heap after
{Heap after GC invocations=12 (full 0):
 garbage-first heap   total 131072K, used 30342K [0x0000000080000000, 0x0000000100000000)
  region size 1024K, 7 young (7168K), 7 survivors (7168K)
 Metaspace       used 44966K, capacity 46002K, committed 46208K, reserved 1089536K
  class space    used 5788K, capacity 6163K, committed 6272K, reserved 1048576K
}
Event: 18.217 GC heap before
{Heap before GC invocations=12 (full 0):
 garbage-first heap   total 131072K, used 93830K [0x0000000080000000, 0x0000000100000000)
  region size 1024K, 68 young (69632K), 7 survivors (7168K)
 Metaspace       used 48418K, capacity 49566K, committed 49664K, reserved 1091584K
  class space    used 6197K, capacity 6621K, committed 6656K, reserved 1048576K
}
Event: 18.238 GC heap after
{Heap after GC invocations=13 (full 0):
 garbage-first heap   total 190464K, used 35054K [0x0000000080000000, 0x0000000100000000)
  region size 1024K, 7 young (7168K), 7 survivors (7168K)
 Metaspace       used 48418K, capacity 49566K, committed 49664K, reserved 1091584K
  class space    used 6197K, capacity 6621K, committed 6656K, reserved 1048576K
}
Event: 21.024 GC heap before
{Heap before GC invocations=13 (full 0):
 garbage-first heap   total 190464K, used 114926K [0x0000000080000000, 0x0000000100000000)
  region size 1024K, 83 young (84992K), 7 survivors (7168K)
 Metaspace       used 57908K, capacity 59300K, committed 59648K, reserved 1101824K
  class space    used 7316K, capacity 7827K, committed 7936K, reserved 1048576K
}
Event: 21.041 GC heap after
{Heap after GC invocations=14 (full 0):
 garbage-first heap   total 190464K, used 45987K [0x0000000080000000, 0x0000000100000000)
  region size 1024K, 11 young (11264K), 11 survivors (11264K)
 Metaspace       used 57908K, capacity 59300K, committed 59648K, reserved 1101824K
  class space    used 7316K, capacity 7827K, committed 7936K, reserved 1048576K
}
Event: 21.181 GC heap before
{Heap before GC invocations=14 (full 0):
 garbage-first heap   total 190464K, used 49059K [0x0000000080000000, 0x0000000100000000)
  region size 1024K, 15 young (15360K), 11 survivors (11264K)
 Metaspace       used 58438K, capacity 59837K, committed 59904K, reserved 1101824K
  class space    used 7377K, capacity 7873K, committed 7936K, reserved 1048576K
}
Event: 21.200 GC heap after
{Heap after GC invocations=15 (full 0):
 garbage-first heap   total 190464K, used 47971K [0x0000000080000000, 0x0000000100000000)
  region size 1024K, 2 young (2048K), 2 survivors (2048K)
 Metaspace       used 58438K, capacity 59837K, committed 59904K, reserved 1101824K
  class space    used 7377K, capacity 7873K, committed 7936K, reserved 1048576K
}
Event: 23.526 GC heap before
{Heap before GC invocations=16 (full 0):
 garbage-first heap   total 190464K, used 108387K [0x0000000080000000, 0x0000000100000000)
  region size 1024K, 62 young (63488K), 2 survivors (2048K)
 Metaspace       used 64807K, capacity 66309K, committed 66424K, reserved 1107968K
  class space    used 8184K, capacity 8724K, committed 8824K, reserved 1048576K
}
Event: 23.539 GC heap after
{Heap after GC invocations=17 (full 0):
 garbage-first heap   total 190464K, used 51774K [0x0000000080000000, 0x0000000100000000)
  region size 1024K, 6 young (6144K), 6 survivors (6144K)
 Metaspace       used 64807K, capacity 66309K, committed 66424K, reserved 1107968K
  class space    used 8184K, capacity 8724K, committed 8824K, reserved 1048576K
}
Event: 25.434 GC heap before
{Heap before GC invocations=18 (full 0):
 garbage-first heap   total 190464K, used 117310K [0x0000000080000000, 0x0000000100000000)
  region size 1024K, 69 young (70656K), 6 survivors (6144K)
 Metaspace       used 68075K, capacity 69680K, committed 70008K, reserved 1110016K
  class space    used 8636K, capacity 9221K, committed 9336K, reserved 1048576K
}
Event: 25.454 GC heap after
{Heap after GC invocations=19 (full 0):
 garbage-first heap   total 190464K, used 56169K [0x0000000080000000, 0x0000000100000000)
  region size 1024K, 5 young (5120K), 5 survivors (5120K)
 Metaspace       used 68075K, capacity 69680K, committed 70008K, reserved 1110016K
  class space    used 8636K, capacity 9221K, committed 9336K, reserved 1048576K
}
Event: 29.486 GC heap before
{Heap before GC invocations=19 (full 0):
 garbage-first heap   total 190464K, used 123753K [0x0000000080000000, 0x0000000100000000)
  region size 1024K, 71 young (72704K), 5 survivors (5120K)
 Metaspace       used 75031K, capacity 76680K, committed 77048K, reserved 1116160K
  class space    used 9757K, capacity 10360K, committed 10488K, reserved 1048576K
}
Event: 29.512 GC heap after
{Heap after GC invocations=20 (full 0):
 garbage-first heap   total 190464K, used 60265K [0x0000000080000000, 0x0000000100000000)
  region size 1024K, 9 young (9216K), 9 survivors (9216K)
 Metaspace       used 75031K, capacity 76680K, committed 77048K, reserved 1116160K
  class space    used 9757K, capacity 10360K, committed 10488K, reserved 1048576K
}
Event: 34.797 GC heap before
{Heap before GC invocations=20 (full 0):
 garbage-first heap   total 190464K, used 128873K [0x0000000080000000, 0x0000000100000000)
  region size 1024K, 77 young (78848K), 9 survivors (9216K)
 Metaspace       used 82318K, capacity 84235K, committed 84344K, reserved 1122304K
  class space    used 10666K, capacity 11353K, committed 11384K, reserved 1048576K
}
Event: 34.832 GC heap after
{Heap after GC invocations=21 (full 0):
 garbage-first heap   total 190464K, used 66445K [0x0000000080000000, 0x0000000100000000)
  region size 1024K, 10 young (10240K), 10 survivors (10240K)
 Metaspace       used 82318K, capacity 84235K, committed 84344K, reserved 1122304K
  class space    used 10666K, capacity 11353K, committed 11384K, reserved 1048576K
}

